20/05/27 11:24:46 107 DAIW UPDT PRES 11:24:46 ####### A1540 P4355  KORKOM8 0 174.00  0.00   0.00 230.00 +450.61  -87.69 174.00
20/05/27 11:24:50  50 DAIW UPDT PRES 11:24:50 EJDER01 A1673 P4722   HIKEGE 0 310.00  0.00 310.00 310.00 -193.41 -151.47 310.00
20/05/27 11:24:50 190 DAIW UPDT PRES 11:24:50 ####### A2413 P6070  TAHDIT3 0 180.00  0.00   0.00 310.00 +503.20 -137.05 180.00
20/05/27 11:24:50 107 DAIW UPDT PRES 11:24:50 ####### A1540 P4355  KORKOM8 0 174.00  0.00   0.00 230.00 +450.55  -87.70 174.00
20/05/27 11:24:54  50 DAIW UPDT PRES 11:24:54 EJDER01 A1673 P4722   HIKEGE 0 310.00  0.00 310.00 310.00 -193.33 -151.00 310.00
20/05/27 11:24:54 190 DAIW UPDT PRES 11:24:54 ####### A2413 P6070  TAHDIT3 0 180.00  0.00   0.00 310.00 +503.19 -137.09 180.00
20/05/27 11:24:54 107 DAIW UPDT PRES 11:24:54 ####### A1540 P4355  KORKOM8 0 174.00  0.00   0.00 230.00 +450.48  -87.72 174.00
20/05/27 11:24:58  50 DAIW UPDT PRES 11:24:58 EJDER01 A1673 P4722   HIKEGE 0 310.00  0.00 310.00 310.00 -193.27 -150.53 310.00
20/05/27 11:24:58 190 DAIW UPDT PRES 11:24:58 ####### A2413 P6070  TAHDIT3 0 180.00  0.00   0.00 310.00 +503.20 -137.16 180.00
20/05/27 11:24:58 107 DAIW UPDT PRES 11:24:58 ####### A1540 P4355  KORKOM8 0 174.00  0.00   0.00 230.00 +450.41  -87.72 174.00
20/05/27 11:25:01  50 DAIW UPDT PRES 11:25:01 EJDER01 A1673 P4722   HIKEGE 0 310.00  0.00 310.00 310.00 -193.23 -150.09 310.00
20/05/27 11:25:01 190 DAIW UPDT PRES 11:25:01 ####### A2413 P6070  TAHDIT3 0 180.00  0.00   0.00 310.00 +503.17 -137.22 180.00
20/05/27 11:25:02 107 DAIW UPDT PRES 11:25:02 ####### A1540 P4355  KORKOM8 0 174.00  0.00   0.00 230.00 +450.34  -87.73 174.00
20/05/27 11:25:05  50 DAIW UPDT PRES 11:25:05 EJDER01 A1673 P4722   HIKEGE 0 310.00  0.00 310.00 310.00 -193.19 -149.62 310.00
20/05/27 11:25:05 190 DAIW UPDT PRES 11:25:05 ####### A2413 P6070  TAHDIT3 0 180.00  0.00   0.00 310.00 +503.19 -137.30 180.00
20/05/27 11:25:06 107 DAIW UPDT PRES 11:25:06 ####### A1540 P4355  KORKOM8 0 174.00  0.00   0.00 230.00 +450.28  -87.73 174.00
20/05/27 11:25:09  50 DAIW UPDT PRES 11:25:09 EJDER01 A1673 P4722   HIKEGE 0 310.00  0.00 310.00 310.00 -193.17 -149.16 310.00
20/05/27 11:25:09 190 DAIW UPDT PRES 11:25:09 ####### A2413 P6070  TAHDIT3 0 180.00  0.00   0.00 310.00 +503.11 -137.39 180.00
20/05/27 11:25:10 107 DAIW UPDT PRES 11:25:10 ####### A1540 P4355  KORKOM8 0 174.00  0.00   0.00 230.00 +450.22  -87.75 174.00
20/05/27 11:25:13  50 DAIW UPDT PRES 11:25:13 EJDER01 A1673 P4722   HIKEGE 0 310.00  0.00 310.00 310.00 -193.16 -148.70 310.00
20/05/27 11:25:13 190 DAIW UPDT PRES 11:25:13 ####### A2413 P6070  TAHDIT3 0 180.00  0.00   0.00 310.00 +503.11 -137.45 180.00
20/05/27 11:25:14 107 DAIW UPDT PRES 11:25:14 ####### A1540 P4355  KORKOM8 0 174.00  0.00   0.00 230.00 +450.16  -87.77 174.00
20/05/27 11:25:17  50 DAIW UPDT PRES 11:25:17 EJDER01 A1673 P4722   HIKEGE 0 310.00  0.00 310.00 310.00 -193.16 -148.23 310.00
20/05/27 11:25:17 190 DAIW UPDT PRES 11:25:17 ####### A2413 P6070  TAHDIT3 0 180.00  0.00   0.00 310.00 +503.02 -137.56 180.00
20/05/27 11:25:18 107 DAIW UPDT PRES 11:25:18 ####### A1540 P4355  KORKOM8 0 174.00  0.00   0.00 230.00 +450.09  -87.77 174.00
20/05/27 11:25:21  50 DAIW UPDT PRES 11:25:21 EJDER01 A1673 P4722   HIKEGE 0 310.00  0.00 310.00 310.00 -193.17 -147.78 310.00
20/05/27 11:25:21 190 DAIW UPDT PRES 11:25:21 ####### A2413 P6070  TAHDIT3 0 180.00  0.00   0.00 310.00 +503.00 -137.62 180.00
20/05/27 11:25:22 107 DAIW UPDT PRES 11:25:22 ####### A1540 P4355  KORKOM8 0 174.00  0.00   0.00 230.00 +450.03  -87.78 174.00
20/05/27 11:25:26  50 DAIW UPDT SUSP 11:25:26 EJDER01 A1673 P4722          0 309.00 ##.## -32768.00 -32768.00 ####.## ####.## ###.##
20/05/27 11:25:26 190 DAIW UPDT PRES 11:25:26 ####### A2413 P6070  TAHDIT3 0 180.00  0.00   0.00 310.00 +502.91 -137.70 180.00
20/05/27 11:25:26 107 DAIW UPDT PRES 11:25:26 ####### A1540 P4355  KORKOM8 0 174.00  0.00   0.00 230.00 +449.97  -87.78 174.00
20/05/27 11:25:30  50 DAIW TERM SUSP 00:00:00 EJDER01 A1673 P4722          0 309.00 ##.## -32768.00 -32768.00 ####.## ####.## ###.##
20/05/27 11:25:30 190 DAIW UPDT PRES 11:25:30 ####### A2413 P6070  TAHDIT3 0 180.00  0.00   0.00 310.00 +502.88 -137.77 180.00
20/05/27 11:25:30 107 DAIW UPDT PRES 11:25:30 ####### A1540 P4355  KORKOM8 0 174.00  0.00   0.00 230.00 +449.91  -87.81 174.00
20/05/27 11:25:34 190 DAIW UPDT PRES 11:25:34 ####### A2413 P6070  TAHDIT3 0 180.00  0.00   0.00 310.00 +502.77 -137.77 180.00
20/05/27 11:25:34 114 DAIW FRST PRES 11:25:34 EJDER01 A1673 P4722   HIKEGE 0 310.00  0.00 310.00 310.00 -193.27 -146.39 310.00
20/05/27 11:25:34 107 DAIW UPDT PRES 11:25:34 ####### A1540 P4355  KORKOM8 0 174.00  0.00   0.00 230.00 +449.84  -87.81 174.00
20/05/27 11:25:38 114 DAIW UPDT PRES 11:25:38 EJDER01 A1673 P4722   HIKEGE 0 310.00  0.00 310.00 310.00 -193.31 -145.95 310.00
20/05/27 11:25:38 190 DAIW UPDT PRES 11:25:38 ####### A2413 P6070  TAHDIT3 0 180.00  0.00   0.00 310.00 +502.73 -137.83 180.00
20/05/27 11:25:38 107 DAIW UPDT PRES 11:25:38 ####### A1540 P4355  KORKOM8 0 174.00  0.00   0.00 230.00 +449.78  -87.83 174.00
20/05/27 11:25:42 114 DAIW UPDT PRES 11:25:42 EJDER01 A1673 P4722   HIKEGE 0 310.00  0.00 310.00 310.00 -193.38 -145.52 310.00
20/05/27 11:25:42 190 DAIW UPDT PRES 11:25:42 ####### A2413 P6070  TAHDIT3 0 180.00  0.00   0.00 310.00 +502.62 -137.89 180.00
20/05/27 11:25:42 107 DAIW UPDT PRES 11:25:42 ####### A1540 P4355  KORKOM8 0 174.00  0.00   0.00 230.00 +449.72  -87.83 174.00
20/05/27 11:25:46 114 DAIW UPDT PRES 11:25:46 EJDER01 A1673 P4722   HIKEGE 0 310.00  0.00 310.00 310.00 -193.44 -145.08 310.00
20/05/27 11:25:46 190 DAIW UPDT PRES 11:25:46 ####### A2413 P6070  TAHDIT3 0 180.00  0.00   0.00 310.00 +502.50 -137.94 180.00
20/05/27 11:25:46 107 DAIW UPDT PRES 11:25:46 ####### A1540 P4355  KORKOM8 0 174.00  0.00   0.00 230.00 +449.64  -87.84 174.00
20/05/27 11:25:50 114 DAIW UPDT SUSP 11:25:50 EJDER01 A1673 P4722          0 309.00 ##.## -32768.00 -32768.00 ####.## ####.## ###.##
20/05/27 11:25:50 190 DAIW UPDT PRES 11:25:50 ####### A2413 P6070  TAHDIT3 0 180.00  0.00   0.00 310.00 +502.44 -137.98 180.00
20/05/27 11:25:50 107 DAIW UPDT PRES 11:25:50 ####### A1540 P4355  KORKOM8 0 174.00  0.00   0.00 230.00 +449.58  -87.86 174.00
